<?xml version="1.0" encoding="UTF-8"?>
<!-- Generated by org.testng.reporters.JUnitReportReporter -->
<testsuite skipped="0" hostname="DESKTOP-1C6302R" name="com.CRM.Tests.CRMHomeTest" tests="1" failures="0" timestamp="23 Apr 2021 02:26:03 GMT" time="24.606" errors="0">
  <testcase name="verifyHomePageFields" time="24.606" classname="com.CRM.Tests.CRMHomeTest"/>
</testsuite> <!-- com.CRM.Tests.CRMHomeTest -->
