<?xml version="1.0" encoding="UTF-8"?>
<!-- Generated by org.testng.reporters.JUnitReportReporter -->
<testsuite skipped="0" hostname="DESKTOP-1C6302R" name="com.CRM.Tests.LoginTest" tests="2" failures="0" timestamp="22 Apr 2021 02:44:06 GMT" time="31.469" errors="0">
  <testcase name="verifyCRMLogin" time="16.137" classname="com.CRM.Tests.LoginTest"/>
  <testcase name="verifyCRMLoginTitle" time="15.332" classname="com.CRM.Tests.LoginTest"/>
</testsuite> <!-- com.CRM.Tests.LoginTest -->
