<?xml version="1.0" encoding="UTF-8"?>
<!-- Generated by org.testng.reporters.JUnitReportReporter -->
<testsuite skipped="0" hostname="DESKTOP-1C6302R" name="com.CRM.Tests.CRMContactTest" tests="1" failures="0" timestamp="24 Apr 2021 06:37:24 GMT" time="62.895" errors="0">
  <testcase name="verifyContactPage" time="62.895" classname="com.CRM.Tests.CRMContactTest"/>
</testsuite> <!-- com.CRM.Tests.CRMContactTest -->
