<?xml version="1.0" encoding="UTF-8"?>
<!-- Generated by org.testng.reporters.JUnitReportReporter -->
<testsuite skipped="0" hostname="DESKTOP-1C6302R" name="com.CRM.Tests.ContactTest" tests="1" failures="0" timestamp="22 Apr 2021 12:57:28 GMT" time="48.698" errors="0">
  <testcase name="createConatct" time="48.698" classname="com.CRM.Tests.ContactTest"/>
</testsuite> <!-- com.CRM.Tests.ContactTest -->
