<?xml version="1.0" encoding="UTF-8"?>
<!-- Generated by org.testng.reporters.JUnitReportReporter -->
<testsuite skipped="0" hostname="DESKTOP-1C6302R" name="com.CRM.Tests.CRMLoginTest" tests="1" failures="0" timestamp="24 Apr 2021 06:11:21 GMT" time="22.027" errors="0">
  <testcase name="verifyCRMLogin" time="22.027" classname="com.CRM.Tests.CRMLoginTest"/>
</testsuite> <!-- com.CRM.Tests.CRMLoginTest -->
